c:\users\jin\documents\visual studio 2013\projects\20101919\debug\vc120.pdb
c:\users\jin\documents\visual studio 2013\projects\20101919\debug\vc120.idb
c:\users\jin\documents\visual studio 2013\projects\20101919\debug\animatedgraphic.obj
c:\users\jin\documents\visual studio 2013\projects\20101919\debug\enemy.obj
c:\users\jin\documents\visual studio 2013\projects\20101919\debug\game.obj
c:\users\jin\documents\visual studio 2013\projects\20101919\debug\gamestatemachine.obj
c:\users\jin\documents\visual studio 2013\projects\20101919\debug\inputhandler.obj
c:\users\jin\documents\visual studio 2013\projects\20101919\debug\main.obj
c:\users\jin\documents\visual studio 2013\projects\20101919\debug\player.obj
c:\users\jin\documents\visual studio 2013\projects\20101919\debug\playstate.obj
c:\users\jin\documents\visual studio 2013\projects\20101919\debug\sdlgameobject.obj
c:\users\jin\documents\visual studio 2013\projects\20101919\debug\stateparser.obj
c:\users\jin\documents\visual studio 2013\projects\20101919\debug\texturemanager.obj
c:\users\jin\documents\visual studio 2013\projects\20101919\debug\tinyxml2.obj
c:\users\jin\documents\visual studio 2013\projects\20101919\debug\gameoverstate.obj
c:\users\jin\documents\visual studio 2013\projects\20101919\debug\menubutton.obj
c:\users\jin\documents\visual studio 2013\projects\20101919\debug\menustate.obj
c:\users\jin\documents\visual studio 2013\projects\20101919\debug\pausestate.obj
c:\users\jin\documents\visual studio 2013\projects\20101919\debug\20101919.tlog\cl.command.1.tlog
c:\users\jin\documents\visual studio 2013\projects\20101919\debug\20101919.tlog\cl.read.1.tlog
c:\users\jin\documents\visual studio 2013\projects\20101919\debug\20101919.tlog\cl.write.1.tlog
